# JRE version: OpenJDK Runtime Environment Homebrew (17.0.14) (build 17.0.14+0)
# Java VM: OpenJDK 64-Bit Server VM Homebrew (17.0.14+0, mixed mode, emulated-client, sharing, tiered, compressed oops, compressed class ptrs, g1 gc, bsd-aarch64)
GC Precious Log:
 CPUs: 8 total, 8 available
 Memory: 8192M
 Large Page Support: Disabled
 NUMA Support: Disabled
 Compressed Oops: Enabled (Zero based)
 Heap Region Size: 1M
 Heap Min Capacity: 8M
 Heap Initial Capacity: 128M
 Heap Max Capacity: 2G
 Pre-touch: Disabled
 Parallel Workers: 8
 Concurrent Workers: 2
 Concurrent Refinement Workers: 8
 Periodic GC: Disabled
Heap:
 garbage-first heap   total 73728K, used 35536K [0x0000000780000000, 0x0000000800000000)
  region size 1024K, 4 young (4096K), 3 survivors (3072K)
 Metaspace       used 54835K, committed 55424K, reserved 1114112K
  class space    used 7815K, committed 8064K, reserved 1048576K
GC Heap History (20 events):
Event: 0.674 GC heap before
{Heap before GC invocations=3 (full 0):
 garbage-first heap   total 133120K, used 18135K [0x0000000780000000, 0x0000000800000000)
  region size 1024K, 12 young (12288K), 8 survivors (8192K)
 Metaspace       used 21190K, committed 21504K, reserved 1114112K
  class space    used 3038K, committed 3200K, reserved 1048576K
}
Event: 0.677 GC heap after
{Heap after GC invocations=4 (full 0):
 garbage-first heap   total 133120K, used 15896K [0x0000000780000000, 0x0000000800000000)
  region size 1024K, 1 young (1024K), 1 survivors (1024K)
 Metaspace       used 21190K, committed 21504K, reserved 1114112K
  class space    used 3038K, committed 3200K, reserved 1048576K
}
Event: 0.896 GC heap before
{Heap before GC invocations=5 (full 0):
 garbage-first heap   total 61440K, used 50712K [0x0000000780000000, 0x0000000800000000)
  region size 1024K, 36 young (36864K), 1 survivors (1024K)
 Metaspace       used 26586K, committed 27008K, reserved 1114112K
  class space    used 3879K, committed 4032K, reserved 1048576K
}
Event: 0.899 GC heap after
{Heap after GC invocations=6 (full 0):
 garbage-first heap   total 61440K, used 18105K [0x0000000780000000, 0x0000000800000000)
  region size 1024K, 4 young (4096K), 4 survivors (4096K)
 Metaspace       used 26586K, committed 27008K, reserved 1114112K
  class space    used 3879K, committed 4032K, reserved 1048576K
}
Event: 1.065 GC heap before
{Heap before GC invocations=6 (full 0):
 garbage-first heap   total 61440K, used 42681K [0x0000000780000000, 0x0000000800000000)
  region size 1024K, 28 young (28672K), 4 survivors (4096K)
 Metaspace       used 31421K, committed 31872K, reserved 1114112K
  class space    used 4512K, committed 4736K, reserved 1048576K
}
Event: 1.071 GC heap after
{Heap after GC invocations=7 (full 0):
 garbage-first heap   total 61440K, used 19502K [0x0000000780000000, 0x0000000800000000)
  region size 1024K, 2 young (2048K), 2 survivors (2048K)
 Metaspace       used 31421K, committed 31872K, reserved 1114112K
  class space    used 4512K, committed 4736K, reserved 1048576K
}
Event: 1.182 GC heap before
{Heap before GC invocations=7 (full 0):
 garbage-first heap   total 61440K, used 39982K [0x0000000780000000, 0x0000000800000000)
  region size 1024K, 23 young (23552K), 2 survivors (2048K)
 Metaspace       used 35528K, committed 35968K, reserved 1114112K
  class space    used 5106K, committed 5312K, reserved 1048576K
}
Event: 1.186 GC heap after
{Heap after GC invocations=8 (full 0):
 garbage-first heap   total 73728K, used 22023K [0x0000000780000000, 0x0000000800000000)
  region size 1024K, 4 young (4096K), 4 survivors (4096K)
 Metaspace       used 35528K, committed 35968K, reserved 1114112K
  class space    used 5106K, committed 5312K, reserved 1048576K
}
Event: 1.804 GC heap before
{Heap before GC invocations=9 (full 0):
 garbage-first heap   total 73728K, used 52743K [0x0000000780000000, 0x0000000800000000)
  region size 1024K, 35 young (35840K), 4 survivors (4096K)
 Metaspace       used 41912K, committed 42432K, reserved 1114112K
  class space    used 6030K, committed 6272K, reserved 1048576K
}
Event: 1.807 GC heap after
{Heap after GC invocations=10 (full 0):
 garbage-first heap   total 73728K, used 24690K [0x0000000780000000, 0x0000000800000000)
  region size 1024K, 3 young (3072K), 3 survivors (3072K)
 Metaspace       used 41912K, committed 42432K, reserved 1114112K
  class space    used 6030K, committed 6272K, reserved 1048576K
}
Event: 2.028 GC heap before
{Heap before GC invocations=11 (full 0):
 garbage-first heap   total 73728K, used 54386K [0x0000000780000000, 0x0000000800000000)
  region size 1024K, 32 young (32768K), 3 survivors (3072K)
 Metaspace       used 44907K, committed 45376K, reserved 1114112K
  class space    used 6463K, committed 6656K, reserved 1048576K
}
Event: 2.033 GC heap after
{Heap after GC invocations=12 (full 0):
 garbage-first heap   total 73728K, used 27127K [0x0000000780000000, 0x0000000800000000)
  region size 1024K, 3 young (3072K), 3 survivors (3072K)
 Metaspace       used 44907K, committed 45376K, reserved 1114112K
  class space    used 6463K, committed 6656K, reserved 1048576K
}
Event: 2.237 GC heap before
{Heap before GC invocations=12 (full 0):
 garbage-first heap   total 73728K, used 54775K [0x0000000780000000, 0x0000000800000000)
  region size 1024K, 30 young (30720K), 3 survivors (3072K)
 Metaspace       used 47304K, committed 47744K, reserved 1114112K
  class space    used 6840K, committed 7040K, reserved 1048576K
}
Event: 2.239 GC heap after
{Heap after GC invocations=13 (full 0):
 garbage-first heap   total 73728K, used 29558K [0x0000000780000000, 0x0000000800000000)
  region size 1024K, 3 young (3072K), 3 survivors (3072K)
 Metaspace       used 47304K, committed 47744K, reserved 1114112K
  class space    used 6840K, committed 7040K, reserved 1048576K
}
Event: 9.180 GC heap before
{Heap before GC invocations=13 (full 0):
 garbage-first heap   total 73728K, used 55158K [0x0000000780000000, 0x0000000800000000)
  region size 1024K, 28 young (28672K), 3 survivors (3072K)
 Metaspace       used 51927K, committed 52480K, reserved 1114112K
  class space    used 7519K, committed 7808K, reserved 1048576K
}
Event: 9.183 GC heap after
{Heap after GC invocations=14 (full 0):
 garbage-first heap   total 73728K, used 30859K [0x0000000780000000, 0x0000000800000000)
  region size 1024K, 2 young (2048K), 2 survivors (2048K)
 Metaspace       used 51927K, committed 52480K, reserved 1114112K
  class space    used 7519K, committed 7808K, reserved 1048576K
}
Event: 20.138 GC heap before
{Heap before GC invocations=14 (full 0):
 garbage-first heap   total 73728K, used 49291K [0x0000000780000000, 0x0000000800000000)
  region size 1024K, 21 young (21504K), 2 survivors (2048K)
 Metaspace       used 54835K, committed 55424K, reserved 1114112K
  class space    used 7817K, committed 8064K, reserved 1048576K
}
Event: 20.141 GC heap after
{Heap after GC invocations=15 (full 0):
 garbage-first heap   total 73728K, used 32472K [0x0000000780000000, 0x0000000800000000)
  region size 1024K, 3 young (3072K), 3 survivors (3072K)
 Metaspace       used 54835K, committed 55424K, reserved 1114112K
  class space    used 7817K, committed 8064K, reserved 1048576K
}
Event: 20.149 GC heap before
{Heap before GC invocations=15 (full 0):
 garbage-first heap   total 73728K, used 33496K [0x0000000780000000, 0x0000000800000000)
  region size 1024K, 4 young (4096K), 3 survivors (3072K)
 Metaspace       used 54842K, committed 55424K, reserved 1114112K
  class space    used 7817K, committed 8064K, reserved 1048576K
}
Event: 20.150 GC heap after
{Heap after GC invocations=16 (full 0):
 garbage-first heap   total 73728K, used 33488K [0x0000000780000000, 0x0000000800000000)
  region size 1024K, 3 young (3072K), 3 survivors (3072K)
 Metaspace       used 54842K, committed 55424K, reserved 1114112K
  class space    used 7817K, committed 8064K, reserved 1048576K
}

